<?xml version="1.0" encoding="utf-8"?><testsuites name="pytest tests"><testsuite name="pytest" errors="0" failures="0" skipped="0" tests="25" time="3.502" timestamp="2026-07-14T12:14:23.388564+00:00" hostname="agent-env-718bc678-bfc0-4bbd-a431-2c1b4595ad0c"><testcase classname="backend.tests.test_atlas_pdks.TestAuth" name="test_register_returns_token_and_user" time="0.547" /><testcase classname="backend.tests.test_atlas_pdks.TestAuth" name="test_admin_login_returns_admin_role" time="0.355" /><testcase classname="backend.tests.test_atlas_pdks.TestAuth" name="test_employee_login_returns_employee_role" time="0.535" /><testcase classname="backend.tests.test_atlas_pdks.TestAuth" name="test_me_without_token_401" time="0.045" /><testcase classname="backend.tests.test_atlas_pdks.TestAuth" name="test_login_wrong_password_400" time="0.268" /><testcase classname="backend.tests.test_atlas_pdks.TestConfig" name="test_workplace_config" time="0.049" /><testcase classname="backend.tests.test_atlas_pdks.TestAttendance" name="test_check_in_far_returns_400" time="0.048" /><testcase classname="backend.tests.test_atlas_pdks.TestAttendance" name="test_check_in_at_workplace_ok" time="0.047" /><testcase classname="backend.tests.test_atlas_pdks.TestAttendance" name="test_double_check_in_400" time="0.048" /><testcase classname="backend.tests.test_atlas_pdks.TestAttendance" name="test_break_start_end" time="0.596" /><testcase classname="backend.tests.test_atlas_pdks.TestAttendance" name="test_attendance_today" time="0.050" /><testcase classname="backend.tests.test_atlas_pdks.TestAttendance" name="test_attendance_stats" time="0.047" /><testcase classname="backend.tests.test_atlas_pdks.TestAttendance" name="test_attendance_recent" time="0.049" /><testcase classname="backend.tests.test_atlas_pdks.TestAttendance" name="test_check_out_ok" time="0.054" /><testcase classname="backend.tests.test_atlas_pdks.TestAttendance" name="test_attendance_history" time="0.052" /><testcase classname="backend.tests.test_atlas_pdks.TestRequests" name="test_create_manual_entry_request" time="0.055" /><testcase classname="backend.tests.test_atlas_pdks.TestRequests" name="test_list_mine" time="0.046" /><testcase classname="backend.tests.test_atlas_pdks.TestAdmin" name="test_employee_cannot_access_admin" time="0.046" /><testcase classname="backend.tests.test_atlas_pdks.TestAdmin" name="test_admin_stats" time="0.047" /><testcase classname="backend.tests.test_atlas_pdks.TestAdmin" name="test_admin_employees" time="0.047" /><testcase classname="backend.tests.test_atlas_pdks.TestAdmin" name="test_admin_attendance" time="0.048" /><testcase classname="backend.tests.test_atlas_pdks.TestAdmin" name="test_admin_requests_list" time="0.049" /><testcase classname="backend.tests.test_atlas_pdks.TestAdmin" name="test_admin_approve_request" time="0.096" /><testcase classname="backend.tests.test_atlas_pdks.TestAdmin" name="test_admin_reject_request" time="0.140" /><testcase classname="backend.tests.test_atlas_pdks.TestAdmin" name="test_admin_approve_already_processed_404" time="0.052" /></testsuite></testsuites>